core2/build/intermediates/manifest_merge_blame_file/debug/manifest-merger-blame-debug-report.txt
1<?xml version="1.0" encoding="utf-8"?>
2<manifest xmlns:android="http://schemas.android.com/apk/res/android"
3    package="com.example.core2" >
4
5    <uses-sdk
6        android:minSdkVersion="24"
6-->src\main\AndroidManifest.xml
7        android:targetSdkVersion="31" />
7-->src\main\AndroidManifest.xml
8
9    <application
9-->src\main\AndroidManifest.xml:5:5-21:19
10        android:allowBackup="true"
10-->src\main\AndroidManifest.xml:6:9-35
11        android:icon="@mipmap/ic_launcher"
11-->src\main\AndroidManifest.xml:7:9-43
12        android:label="@string/app_name"
12-->src\main\AndroidManifest.xml:8:9-41
13        android:roundIcon="@mipmap/ic_launcher_round"
13-->src\main\AndroidManifest.xml:9:9-54
14        android:supportsRtl="true"
14-->src\main\AndroidManifest.xml:11:9-35
15        android:theme="@style/Theme.TestTheme" >
15-->src\main\AndroidManifest.xml:10:9-47
16        <activity
16-->src\main\AndroidManifest.xml:12:9-20:20
17            android:name="com.example.core2.MainActivity"
17-->src\main\AndroidManifest.xml:13:13-41
18            android:exported="true" >
18-->src\main\AndroidManifest.xml:14:13-36
19            <intent-filter>
19-->src\main\AndroidManifest.xml:15:13-19:29
20                <action android:name="android.intent.action.MAIN" />
20-->src\main\AndroidManifest.xml:16:17-69
20-->src\main\AndroidManifest.xml:16:25-66
21
22                <category android:name="android.intent.category.LAUNCHER" />
22-->src\main\AndroidManifest.xml:18:17-77
22-->src\main\AndroidManifest.xml:18:27-74
23            </intent-filter>
24        </activity>
25    </application>
26
27</manifest>